<?xml version="1.0" encoding="UTF-8"?>
<testsuite name="StressTest" tests="1" skipped="0" failures="0" errors="0" timestamp="2019-11-03T16:14:47" hostname="vadzimko.local" time="3.019">
  <properties/>
  <testcase name="testStress" classname="StressTest" time="3.019"/>
  <system-out><![CDATA[1: Working 187657
2: Working 401082
3: Working 617078
]]></system-out>
  <system-err><![CDATA[]]></system-err>
</testsuite>
