<?xml version="1.0" encoding="UTF-8"?>
<testsuite name="CorrectnessTest" tests="2" skipped="0" failures="0" errors="0" timestamp="2019-11-03T16:14:50" hostname="vadzimko.local" time="0.045">
  <properties/>
  <testcase name="testSpuriousWakeup" classname="CorrectnessTest" time="0.042"/>
  <testcase name="testFCFS" classname="CorrectnessTest" time="0.002"/>
  <system-out><![CDATA[]]></system-out>
  <system-err><![CDATA[]]></system-err>
</testsuite>
