<?xml version="1.0" encoding="UTF-8"?>
<testsuite name="LinearizabilityTest" tests="1" skipped="0" failures="1" errors="0" timestamp="2019-10-20T20:28:40" hostname="vadzimko.local" time="0.603">
  <properties/>
  <testcase name="testLinearizability" classname="LinearizabilityTest" time="0.603">
    <failure message="java.lang.AssertionError: Invalid interleaving found:&#10;= Invalid execution results: =&#10;Parallel part:&#10;| add(1): 1 |&#10;Post part:&#10;[add(4): 5]" type="java.lang.AssertionError">java.lang.AssertionError: Invalid interleaving found:
= Invalid execution results: =
Parallel part:
| add(1): 1 |
Post part:
[add(4): 5]
	at org.jetbrains.kotlinx.lincheck.strategy.Strategy.verifyResults(Strategy.java:61)
	at org.jetbrains.kotlinx.lincheck.strategy.stress.StressStrategy.run(StressStrategy.java:90)
	at org.jetbrains.kotlinx.lincheck.LinChecker.runScenario(LinChecker.java:168)
	at org.jetbrains.kotlinx.lincheck.LinChecker.minimizeNewScenarioAttempt(LinChecker.java:143)
	at org.jetbrains.kotlinx.lincheck.LinChecker.minimizeScenario(LinChecker.java:136)
	at org.jetbrains.kotlinx.lincheck.LinChecker.minimizeNewScenarioAttempt(LinChecker.java:148)
	at org.jetbrains.kotlinx.lincheck.LinChecker.minimizeScenario(LinChecker.java:136)
	at org.jetbrains.kotlinx.lincheck.LinChecker.minimizeNewScenarioAttempt(LinChecker.java:148)
	at org.jetbrains.kotlinx.lincheck.LinChecker.minimizeScenario(LinChecker.java:136)
	at org.jetbrains.kotlinx.lincheck.LinChecker.minimizeNewScenarioAttempt(LinChecker.java:148)
	at org.jetbrains.kotlinx.lincheck.LinChecker.minimizeScenario(LinChecker.java:136)
	at org.jetbrains.kotlinx.lincheck.LinChecker.minimizeNewScenarioAttempt(LinChecker.java:148)
	at org.jetbrains.kotlinx.lincheck.LinChecker.minimizeScenario(LinChecker.java:131)
	at org.jetbrains.kotlinx.lincheck.LinChecker.minimizeNewScenarioAttempt(LinChecker.java:148)
	at org.jetbrains.kotlinx.lincheck.LinChecker.minimizeScenario(LinChecker.java:131)
	at org.jetbrains.kotlinx.lincheck.LinChecker.minimizeNewScenarioAttempt(LinChecker.java:148)
	at org.jetbrains.kotlinx.lincheck.LinChecker.minimizeScenario(LinChecker.java:131)
	at org.jetbrains.kotlinx.lincheck.LinChecker.minimizeNewScenarioAttempt(LinChecker.java:148)
	at org.jetbrains.kotlinx.lincheck.LinChecker.minimizeScenario(LinChecker.java:131)
	at org.jetbrains.kotlinx.lincheck.LinChecker.minimizeNewScenarioAttempt(LinChecker.java:148)
	at org.jetbrains.kotlinx.lincheck.LinChecker.minimizeScenario(LinChecker.java:131)
	at org.jetbrains.kotlinx.lincheck.LinChecker.minimizeNewScenarioAttempt(LinChecker.java:148)
	at org.jetbrains.kotlinx.lincheck.LinChecker.minimizeScenario(LinChecker.java:125)
	at org.jetbrains.kotlinx.lincheck.LinChecker.minimizeNewScenarioAttempt(LinChecker.java:148)
	at org.jetbrains.kotlinx.lincheck.LinChecker.minimizeScenario(LinChecker.java:125)
	at org.jetbrains.kotlinx.lincheck.LinChecker.minimizeNewScenarioAttempt(LinChecker.java:148)
	at org.jetbrains.kotlinx.lincheck.LinChecker.minimizeScenario(LinChecker.java:125)
	at org.jetbrains.kotlinx.lincheck.LinChecker.minimizeNewScenarioAttempt(LinChecker.java:148)
	at org.jetbrains.kotlinx.lincheck.LinChecker.minimizeScenario(LinChecker.java:125)
	at org.jetbrains.kotlinx.lincheck.LinChecker.minimizeNewScenarioAttempt(LinChecker.java:148)
	at org.jetbrains.kotlinx.lincheck.LinChecker.minimizeScenario(LinChecker.java:125)
	at org.jetbrains.kotlinx.lincheck.LinChecker.minimizeNewScenarioAttempt(LinChecker.java:148)
	at org.jetbrains.kotlinx.lincheck.LinChecker.minimizeScenario(LinChecker.java:125)
	at org.jetbrains.kotlinx.lincheck.LinChecker.minimizeNewScenarioAttempt(LinChecker.java:148)
	at org.jetbrains.kotlinx.lincheck.LinChecker.minimizeScenario(LinChecker.java:125)
	at org.jetbrains.kotlinx.lincheck.LinChecker.minimizeNewScenarioAttempt(LinChecker.java:148)
	at org.jetbrains.kotlinx.lincheck.LinChecker.minimizeScenario(LinChecker.java:125)
	at org.jetbrains.kotlinx.lincheck.LinChecker.minimizeNewScenarioAttempt(LinChecker.java:148)
	at org.jetbrains.kotlinx.lincheck.LinChecker.minimizeScenario(LinChecker.java:125)
	at org.jetbrains.kotlinx.lincheck.LinChecker.checkImpl(LinChecker.java:106)
	at org.jetbrains.kotlinx.lincheck.LinChecker.lambda$check$0(LinChecker.java:86)
	at java.base/java.util.ArrayList.forEach(ArrayList.java:1540)
	at org.jetbrains.kotlinx.lincheck.LinChecker.check(LinChecker.java:84)
	at org.jetbrains.kotlinx.lincheck.LinChecker.check(LinChecker.java:74)
	at org.jetbrains.kotlinx.lincheck.LinChecker.check(LinChecker.java:63)
	at LinearizabilityTest.testLinearizability(LinearizabilityTest.kt:16)
	at java.base/jdk.internal.reflect.NativeMethodAccessorImpl.invoke0(Native Method)
	at java.base/jdk.internal.reflect.NativeMethodAccessorImpl.invoke(NativeMethodAccessorImpl.java:62)
	at java.base/jdk.internal.reflect.DelegatingMethodAccessorImpl.invoke(DelegatingMethodAccessorImpl.java:43)
	at java.base/java.lang.reflect.Method.invoke(Method.java:566)
	at org.junit.runners.model.FrameworkMethod$1.runReflectiveCall(FrameworkMethod.java:50)
	at org.junit.internal.runners.model.ReflectiveCallable.run(ReflectiveCallable.java:12)
	at org.junit.runners.model.FrameworkMethod.invokeExplosively(FrameworkMethod.java:47)
	at org.junit.internal.runners.statements.InvokeMethod.evaluate(InvokeMethod.java:17)
	at org.junit.runners.ParentRunner.runLeaf(ParentRunner.java:325)
	at org.junit.runners.BlockJUnit4ClassRunner.runChild(BlockJUnit4ClassRunner.java:78)
	at org.junit.runners.BlockJUnit4ClassRunner.runChild(BlockJUnit4ClassRunner.java:57)
	at org.junit.runners.ParentRunner$3.run(ParentRunner.java:290)
	at org.junit.runners.ParentRunner$1.schedule(ParentRunner.java:71)
	at org.junit.runners.ParentRunner.runChildren(ParentRunner.java:288)
	at org.junit.runners.ParentRunner.access$000(ParentRunner.java:58)
	at org.junit.runners.ParentRunner$2.evaluate(ParentRunner.java:268)
	at org.junit.runners.ParentRunner.run(ParentRunner.java:363)
	at org.gradle.api.internal.tasks.testing.junit.JUnitTestClassExecutor.runTestClass(JUnitTestClassExecutor.java:110)
	at org.gradle.api.internal.tasks.testing.junit.JUnitTestClassExecutor.execute(JUnitTestClassExecutor.java:58)
	at org.gradle.api.internal.tasks.testing.junit.JUnitTestClassExecutor.execute(JUnitTestClassExecutor.java:38)
	at org.gradle.api.internal.tasks.testing.junit.AbstractJUnitTestClassProcessor.processTestClass(AbstractJUnitTestClassProcessor.java:62)
	at org.gradle.api.internal.tasks.testing.SuiteTestClassProcessor.processTestClass(SuiteTestClassProcessor.java:51)
	at java.base/jdk.internal.reflect.NativeMethodAccessorImpl.invoke0(Native Method)
	at java.base/jdk.internal.reflect.NativeMethodAccessorImpl.invoke(NativeMethodAccessorImpl.java:62)
	at java.base/jdk.internal.reflect.DelegatingMethodAccessorImpl.invoke(DelegatingMethodAccessorImpl.java:43)
	at java.base/java.lang.reflect.Method.invoke(Method.java:566)
	at org.gradle.internal.dispatch.ReflectionDispatch.dispatch(ReflectionDispatch.java:35)
	at org.gradle.internal.dispatch.ReflectionDispatch.dispatch(ReflectionDispatch.java:24)
	at org.gradle.internal.dispatch.ContextClassLoaderDispatch.dispatch(ContextClassLoaderDispatch.java:32)
	at org.gradle.internal.dispatch.ProxyDispatchAdapter$DispatchingInvocationHandler.invoke(ProxyDispatchAdapter.java:93)
	at com.sun.proxy.$Proxy2.processTestClass(Unknown Source)
	at org.gradle.api.internal.tasks.testing.worker.TestWorker.processTestClass(TestWorker.java:118)
	at java.base/jdk.internal.reflect.NativeMethodAccessorImpl.invoke0(Native Method)
	at java.base/jdk.internal.reflect.NativeMethodAccessorImpl.invoke(NativeMethodAccessorImpl.java:62)
	at java.base/jdk.internal.reflect.DelegatingMethodAccessorImpl.invoke(DelegatingMethodAccessorImpl.java:43)
	at java.base/java.lang.reflect.Method.invoke(Method.java:566)
	at org.gradle.internal.dispatch.ReflectionDispatch.dispatch(ReflectionDispatch.java:35)
	at org.gradle.internal.dispatch.ReflectionDispatch.dispatch(ReflectionDispatch.java:24)
	at org.gradle.internal.remote.internal.hub.MessageHubBackedObjectConnection$DispatchWrapper.dispatch(MessageHubBackedObjectConnection.java:175)
	at org.gradle.internal.remote.internal.hub.MessageHubBackedObjectConnection$DispatchWrapper.dispatch(MessageHubBackedObjectConnection.java:157)
	at org.gradle.internal.remote.internal.hub.MessageHub$Handler.run(MessageHub.java:404)
	at org.gradle.internal.concurrent.ExecutorPolicy$CatchAndRecordFailures.onExecute(ExecutorPolicy.java:63)
	at org.gradle.internal.concurrent.ManagedExecutorImpl$1.run(ManagedExecutorImpl.java:46)
	at java.base/java.util.concurrent.ThreadPoolExecutor.runWorker(ThreadPoolExecutor.java:1128)
	at java.base/java.util.concurrent.ThreadPoolExecutor$Worker.run(ThreadPoolExecutor.java:628)
	at org.gradle.internal.concurrent.ThreadFactoryImpl$ManagedThreadRunnable.run(ThreadFactoryImpl.java:55)
	at java.base/java.lang.Thread.run(Thread.java:834)
</failure>
  </testcase>
  <system-out><![CDATA[]]></system-out>
  <system-err><![CDATA[]]></system-err>
</testsuite>
